<?xml version="1.0" encoding="UTF-8"?>
<!-- Generated by org.testng.reporters.JUnitXMLReporter -->
<testsuite hostname="Sandeep" ignored="0" name="DemoQA" tests="2" failures="2" timestamp="2022-03-07T17:21:37 IST" time="27.683" errors="0">
  <testcase name="tc_001_VerifyControlElementsPage" time="20.508" classname="com.testsuite.demoqa.VerifyElementst">
    <failure type="java.lang.AssertionError" message="Element Elements Page was not clickable in time-15">
      <![CDATA[java.lang.AssertionError: Element Elements Page was not clickable in time-15
at org.junit.Assert.fail(Assert.java:88)
at actions.UserActions.userClick(UserActions.java:282)
at com.pages.DemoQAHomePage.navigateElementsPage(DemoQAHomePage.java:26)
at com.testsuite.demoqa.VerifyElementst.tc_001_VerifyControlElementsPage(VerifyElementst.java:22)
at java.util.ArrayList.forEach(ArrayList.java:1259)
at java.util.concurrent.FutureTask.run(FutureTask.java:266)
at java.util.concurrent.ThreadPoolExecutor.runWorker(ThreadPoolExecutor.java:1149)
at java.util.concurrent.ThreadPoolExecutor$Worker.run(ThreadPoolExecutor.java:624)
at java.lang.Thread.run(Thread.java:748)
... Removed 18 stack frames]]>
    </failure>
  </testcase> <!-- tc_001_VerifyControlElementsPage -->
  <testcase name="tc_002_VerifyElementsMenus" time="3.901" classname="com.testsuite.demoqa.VerifyElementst">
    <failure type="java.lang.AssertionError" message="Element Elements Page was not clickable in time-15">
      <![CDATA[java.lang.AssertionError: Element Elements Page was not clickable in time-15
at org.junit.Assert.fail(Assert.java:88)
at actions.UserActions.userClick(UserActions.java:282)
at com.pages.DemoQAHomePage.navigateElementsPage(DemoQAHomePage.java:26)
at com.testsuite.demoqa.VerifyElementst.tc_002_VerifyElementsMenus(VerifyElementst.java:28)
at java.util.ArrayList.forEach(ArrayList.java:1259)
at java.util.concurrent.FutureTask.run(FutureTask.java:266)
at java.util.concurrent.ThreadPoolExecutor.runWorker(ThreadPoolExecutor.java:1149)
at java.util.concurrent.ThreadPoolExecutor$Worker.run(ThreadPoolExecutor.java:624)
at java.lang.Thread.run(Thread.java:748)
... Removed 18 stack frames]]>
    </failure>
  </testcase> <!-- tc_002_VerifyElementsMenus -->
</testsuite> <!-- DemoQA -->
