<?xml version="1.0" encoding="UTF-8"?>
<testng-results skipped="0" failed="3" ignored="0" total="3" passed="0">
  <reporter-output>
  </reporter-output>
  <suite name="Default suite" duration-ms="31996" started-at="2022-03-07T18:46:19 IST" finished-at="2022-03-07T18:46:51 IST">
    <groups>
    </groups>
    <test name="Default test" duration-ms="31996" started-at="2022-03-07T18:46:19 IST" finished-at="2022-03-07T18:46:51 IST">
      <class name="com.testsuite.demoqa.VerifyElementst">
        <test-method status="PASS" signature="reportsetup()[pri:0, instance:com.testsuite.demoqa.VerifyElementst@c8e4bb0]" name="reportsetup" is-config="true" duration-ms="95" started-at="2022-03-07T18:46:18 IST" finished-at="2022-03-07T18:46:19 IST">
          <reporter-output>
          </reporter-output>
        </test-method> <!-- reportsetup -->
        <test-method status="PASS" signature="setBrowserAndDriver(java.lang.String)[pri:0, instance:com.testsuite.demoqa.VerifyElementst@c8e4bb0]" name="setBrowserAndDriver" is-config="true" duration-ms="2693" started-at="2022-03-07T18:46:19 IST" finished-at="2022-03-07T18:46:21 IST">
          <params>
            <param index="0">
              <value>
                <![CDATA[chrome]]>
              </value>
            </param>
          </params>
          <reporter-output>
          </reporter-output>
        </test-method> <!-- setBrowserAndDriver -->
        <test-method status="PASS" signature="beforeTest()[pri:0, instance:com.testsuite.demoqa.VerifyElementst@c8e4bb0]" name="beforeTest" is-config="true" duration-ms="35" started-at="2022-03-07T18:46:21 IST" finished-at="2022-03-07T18:46:21 IST">
          <reporter-output>
          </reporter-output>
        </test-method> <!-- beforeTest -->
        <test-method status="FAIL" signature="tc_001_VerifyControlElementsPage()[pri:0, instance:com.testsuite.demoqa.VerifyElementst@c8e4bb0]" name="tc_001_VerifyControlElementsPage" duration-ms="21467" started-at="2022-03-07T18:46:21 IST" finished-at="2022-03-07T18:46:43 IST">
          <exception class="java.lang.AssertionError">
            <message>
              <![CDATA[Element Elements Page was not clickable in time-15]]>
            </message>
            <full-stacktrace>
              <![CDATA[java.lang.AssertionError: Element Elements Page was not clickable in time-15
at org.junit.Assert.fail(Assert.java:88)
at actions.UserActions.userClick(UserActions.java:282)
at com.pages.DemoQAHomePage.navigateElementsPage(DemoQAHomePage.java:26)
at com.testsuite.demoqa.VerifyElementst.tc_001_VerifyControlElementsPage(VerifyElementst.java:22)
at sun.reflect.NativeMethodAccessorImpl.invoke0(Native Method)
at sun.reflect.NativeMethodAccessorImpl.invoke(NativeMethodAccessorImpl.java:62)
at sun.reflect.DelegatingMethodAccessorImpl.invoke(DelegatingMethodAccessorImpl.java:43)
at java.lang.reflect.Method.invoke(Method.java:498)
at org.testng.internal.MethodInvocationHelper.invokeMethod(MethodInvocationHelper.java:133)
at org.testng.internal.TestInvoker.invokeMethod(TestInvoker.java:598)
at org.testng.internal.TestInvoker.invokeTestMethod(TestInvoker.java:173)
at org.testng.internal.MethodRunner.runInSequence(MethodRunner.java:46)
at org.testng.internal.TestInvoker$MethodInvocationAgent.invoke(TestInvoker.java:824)
at org.testng.internal.TestInvoker.invokeTestMethods(TestInvoker.java:146)
at org.testng.internal.TestMethodWorker.invokeTestMethods(TestMethodWorker.java:146)
at org.testng.internal.TestMethodWorker.run(TestMethodWorker.java:128)
at java.util.ArrayList.forEach(ArrayList.java:1259)
at org.testng.TestRunner.privateRun(TestRunner.java:794)
at org.testng.TestRunner.run(TestRunner.java:596)
at org.testng.SuiteRunner.runTest(SuiteRunner.java:377)
at org.testng.SuiteRunner.runSequentially(SuiteRunner.java:371)
at org.testng.SuiteRunner.privateRun(SuiteRunner.java:332)
at org.testng.SuiteRunner.run(SuiteRunner.java:276)
at org.testng.SuiteRunnerWorker.runSuite(SuiteRunnerWorker.java:53)
at org.testng.SuiteRunnerWorker.run(SuiteRunnerWorker.java:96)
at org.testng.TestNG.runSuitesSequentially(TestNG.java:1212)
at org.testng.TestNG.runSuitesLocally(TestNG.java:1134)
at org.testng.TestNG.runSuites(TestNG.java:1063)
at org.testng.TestNG.run(TestNG.java:1031)
at org.testng.remote.AbstractRemoteTestNG.run(AbstractRemoteTestNG.java:115)
at org.testng.remote.RemoteTestNG.initAndRun(RemoteTestNG.java:251)
at org.testng.remote.RemoteTestNG.main(RemoteTestNG.java:77)
]]>
            </full-stacktrace>
          </exception> <!-- java.lang.AssertionError -->
          <reporter-output>
          </reporter-output>
        </test-method> <!-- tc_001_VerifyControlElementsPage -->
        <test-method status="PASS" signature="getResult(org.testng.ITestResult)[pri:0, instance:com.testsuite.demoqa.VerifyElementst@c8e4bb0]" name="getResult" is-config="true" duration-ms="2" started-at="2022-03-07T18:46:43 IST" finished-at="2022-03-07T18:46:43 IST">
          <params>
            <param index="0">
              <value>
                <![CDATA[[TestResult name=tc_001_VerifyControlElementsPage status=FAILURE method=VerifyElementst.tc_001_VerifyControlElementsPage()[pri:0, instance:com.testsuite.demoqa.VerifyElementst@c8e4bb0] output={null}]]]>
              </value>
            </param>
          </params>
          <reporter-output>
          </reporter-output>
        </test-method> <!-- getResult -->
        <test-method status="FAIL" signature="tc_002_VerifyElementsMenus()[pri:0, instance:com.testsuite.demoqa.VerifyElementst@c8e4bb0]" name="tc_002_VerifyElementsMenus" duration-ms="4063" started-at="2022-03-07T18:46:43 IST" finished-at="2022-03-07T18:46:47 IST">
          <exception class="java.lang.AssertionError">
            <message>
              <![CDATA[Element Elements Page was not clickable in time-15]]>
            </message>
            <full-stacktrace>
              <![CDATA[java.lang.AssertionError: Element Elements Page was not clickable in time-15
at org.junit.Assert.fail(Assert.java:88)
at actions.UserActions.userClick(UserActions.java:282)
at com.pages.DemoQAHomePage.navigateElementsPage(DemoQAHomePage.java:26)
at com.testsuite.demoqa.VerifyElementst.tc_002_VerifyElementsMenus(VerifyElementst.java:28)
at sun.reflect.NativeMethodAccessorImpl.invoke0(Native Method)
at sun.reflect.NativeMethodAccessorImpl.invoke(NativeMethodAccessorImpl.java:62)
at sun.reflect.DelegatingMethodAccessorImpl.invoke(DelegatingMethodAccessorImpl.java:43)
at java.lang.reflect.Method.invoke(Method.java:498)
at org.testng.internal.MethodInvocationHelper.invokeMethod(MethodInvocationHelper.java:133)
at org.testng.internal.TestInvoker.invokeMethod(TestInvoker.java:598)
at org.testng.internal.TestInvoker.invokeTestMethod(TestInvoker.java:173)
at org.testng.internal.MethodRunner.runInSequence(MethodRunner.java:46)
at org.testng.internal.TestInvoker$MethodInvocationAgent.invoke(TestInvoker.java:824)
at org.testng.internal.TestInvoker.invokeTestMethods(TestInvoker.java:146)
at org.testng.internal.TestMethodWorker.invokeTestMethods(TestMethodWorker.java:146)
at org.testng.internal.TestMethodWorker.run(TestMethodWorker.java:128)
at java.util.ArrayList.forEach(ArrayList.java:1259)
at org.testng.TestRunner.privateRun(TestRunner.java:794)
at org.testng.TestRunner.run(TestRunner.java:596)
at org.testng.SuiteRunner.runTest(SuiteRunner.java:377)
at org.testng.SuiteRunner.runSequentially(SuiteRunner.java:371)
at org.testng.SuiteRunner.privateRun(SuiteRunner.java:332)
at org.testng.SuiteRunner.run(SuiteRunner.java:276)
at org.testng.SuiteRunnerWorker.runSuite(SuiteRunnerWorker.java:53)
at org.testng.SuiteRunnerWorker.run(SuiteRunnerWorker.java:96)
at org.testng.TestNG.runSuitesSequentially(TestNG.java:1212)
at org.testng.TestNG.runSuitesLocally(TestNG.java:1134)
at org.testng.TestNG.runSuites(TestNG.java:1063)
at org.testng.TestNG.run(TestNG.java:1031)
at org.testng.remote.AbstractRemoteTestNG.run(AbstractRemoteTestNG.java:115)
at org.testng.remote.RemoteTestNG.initAndRun(RemoteTestNG.java:251)
at org.testng.remote.RemoteTestNG.main(RemoteTestNG.java:77)
]]>
            </full-stacktrace>
          </exception> <!-- java.lang.AssertionError -->
          <reporter-output>
          </reporter-output>
        </test-method> <!-- tc_002_VerifyElementsMenus -->
        <test-method status="PASS" signature="getResult(org.testng.ITestResult)[pri:0, instance:com.testsuite.demoqa.VerifyElementst@c8e4bb0]" name="getResult" is-config="true" duration-ms="1" started-at="2022-03-07T18:46:47 IST" finished-at="2022-03-07T18:46:47 IST">
          <params>
            <param index="0">
              <value>
                <![CDATA[[TestResult name=tc_002_VerifyElementsMenus status=FAILURE method=VerifyElementst.tc_002_VerifyElementsMenus()[pri:0, instance:com.testsuite.demoqa.VerifyElementst@c8e4bb0] output={null}]]]>
              </value>
            </param>
          </params>
          <reporter-output>
          </reporter-output>
        </test-method> <!-- getResult -->
        <test-method status="FAIL" signature="tc_003_VerifyTextBox()[pri:0, instance:com.testsuite.demoqa.VerifyElementst@c8e4bb0]" name="tc_003_VerifyTextBox" duration-ms="2481" started-at="2022-03-07T18:46:47 IST" finished-at="2022-03-07T18:46:49 IST">
          <exception class="java.lang.AssertionError">
            <message>
              <![CDATA[Element Elements Page was not clickable in time-15]]>
            </message>
            <full-stacktrace>
              <![CDATA[java.lang.AssertionError: Element Elements Page was not clickable in time-15
at org.junit.Assert.fail(Assert.java:88)
at actions.UserActions.userClick(UserActions.java:282)
at com.pages.DemoQAHomePage.navigateElementsPage(DemoQAHomePage.java:26)
at com.testsuite.demoqa.VerifyElementst.tc_003_VerifyTextBox(VerifyElementst.java:35)
at sun.reflect.NativeMethodAccessorImpl.invoke0(Native Method)
at sun.reflect.NativeMethodAccessorImpl.invoke(NativeMethodAccessorImpl.java:62)
at sun.reflect.DelegatingMethodAccessorImpl.invoke(DelegatingMethodAccessorImpl.java:43)
at java.lang.reflect.Method.invoke(Method.java:498)
at org.testng.internal.MethodInvocationHelper.invokeMethod(MethodInvocationHelper.java:133)
at org.testng.internal.TestInvoker.invokeMethod(TestInvoker.java:598)
at org.testng.internal.TestInvoker.invokeTestMethod(TestInvoker.java:173)
at org.testng.internal.MethodRunner.runInSequence(MethodRunner.java:46)
at org.testng.internal.TestInvoker$MethodInvocationAgent.invoke(TestInvoker.java:824)
at org.testng.internal.TestInvoker.invokeTestMethods(TestInvoker.java:146)
at org.testng.internal.TestMethodWorker.invokeTestMethods(TestMethodWorker.java:146)
at org.testng.internal.TestMethodWorker.run(TestMethodWorker.java:128)
at java.util.ArrayList.forEach(ArrayList.java:1259)
at org.testng.TestRunner.privateRun(TestRunner.java:794)
at org.testng.TestRunner.run(TestRunner.java:596)
at org.testng.SuiteRunner.runTest(SuiteRunner.java:377)
at org.testng.SuiteRunner.runSequentially(SuiteRunner.java:371)
at org.testng.SuiteRunner.privateRun(SuiteRunner.java:332)
at org.testng.SuiteRunner.run(SuiteRunner.java:276)
at org.testng.SuiteRunnerWorker.runSuite(SuiteRunnerWorker.java:53)
at org.testng.SuiteRunnerWorker.run(SuiteRunnerWorker.java:96)
at org.testng.TestNG.runSuitesSequentially(TestNG.java:1212)
at org.testng.TestNG.runSuitesLocally(TestNG.java:1134)
at org.testng.TestNG.runSuites(TestNG.java:1063)
at org.testng.TestNG.run(TestNG.java:1031)
at org.testng.remote.AbstractRemoteTestNG.run(AbstractRemoteTestNG.java:115)
at org.testng.remote.RemoteTestNG.initAndRun(RemoteTestNG.java:251)
at org.testng.remote.RemoteTestNG.main(RemoteTestNG.java:77)
]]>
            </full-stacktrace>
          </exception> <!-- java.lang.AssertionError -->
          <reporter-output>
          </reporter-output>
        </test-method> <!-- tc_003_VerifyTextBox -->
        <test-method status="PASS" signature="getResult(org.testng.ITestResult)[pri:0, instance:com.testsuite.demoqa.VerifyElementst@c8e4bb0]" name="getResult" is-config="true" duration-ms="0" started-at="2022-03-07T18:46:49 IST" finished-at="2022-03-07T18:46:49 IST">
          <params>
            <param index="0">
              <value>
                <![CDATA[[TestResult name=tc_003_VerifyTextBox status=FAILURE method=VerifyElementst.tc_003_VerifyTextBox()[pri:0, instance:com.testsuite.demoqa.VerifyElementst@c8e4bb0] output={null}]]]>
              </value>
            </param>
          </params>
          <reporter-output>
          </reporter-output>
        </test-method> <!-- getResult -->
        <test-method status="PASS" signature="closeBrowser()[pri:0, instance:com.testsuite.demoqa.VerifyElementst@c8e4bb0]" name="closeBrowser" is-config="true" duration-ms="1187" started-at="2022-03-07T18:46:49 IST" finished-at="2022-03-07T18:46:51 IST">
          <reporter-output>
          </reporter-output>
        </test-method> <!-- closeBrowser -->
        <test-method status="PASS" signature="onFinish(org.testng.ITestContext)[pri:0, instance:com.testsuite.demoqa.VerifyElementst@c8e4bb0]" name="onFinish" is-config="true" duration-ms="44" started-at="2022-03-07T18:46:51 IST" finished-at="2022-03-07T18:46:51 IST">
          <params>
            <param index="0">
              <value>
                <![CDATA[org.testng.TestRunner@42463763]]>
              </value>
            </param>
          </params>
          <reporter-output>
          </reporter-output>
        </test-method> <!-- onFinish -->
      </class> <!-- com.testsuite.demoqa.VerifyElementst -->
    </test> <!-- Default test -->
  </suite> <!-- Default suite -->
</testng-results>
